c:\users\asus\desktop\bite (1)\2019_7_20堆\2019_7_20堆\debug\vc120.pdb
c:\users\asus\desktop\bite (1)\2019_7_20堆\2019_7_20堆\debug\vc120.idb
c:\users\asus\desktop\bite (1)\2019_7_20堆\2019_7_20堆\debug\test.obj
c:\users\asus\desktop\bite (1)\2019_7_20堆\2019_7_20堆\debug\heap.obj
c:\users\asus\desktop\bite (1)\2019_7_20堆\debug\2019_7_20堆.pdb
c:\users\asus\desktop\bite (1)\2019_7_20堆\2019_7_20堆\debug\2019_7_20堆.tlog\cl.command.1.tlog
c:\users\asus\desktop\bite (1)\2019_7_20堆\2019_7_20堆\debug\2019_7_20堆.tlog\cl.read.1.tlog
c:\users\asus\desktop\bite (1)\2019_7_20堆\2019_7_20堆\debug\2019_7_20堆.tlog\cl.write.1.tlog
c:\users\asus\desktop\bite (1)\2019_7_20堆\2019_7_20堆\debug\2019_7_20堆.tlog\link-cvtres.read.1.tlog
c:\users\asus\desktop\bite (1)\2019_7_20堆\2019_7_20堆\debug\2019_7_20堆.tlog\link-cvtres.write.1.tlog
c:\users\asus\desktop\bite (1)\2019_7_20堆\2019_7_20堆\debug\2019_7_20堆.tlog\link-rc.read.1.tlog
c:\users\asus\desktop\bite (1)\2019_7_20堆\2019_7_20堆\debug\2019_7_20堆.tlog\link-rc.write.1.tlog
c:\users\asus\desktop\bite (1)\2019_7_20堆\2019_7_20堆\debug\2019_7_20堆.tlog\link.10516-cvtres.read.1.tlog
c:\users\asus\desktop\bite (1)\2019_7_20堆\2019_7_20堆\debug\2019_7_20堆.tlog\link.10516-cvtres.write.1.tlog
c:\users\asus\desktop\bite (1)\2019_7_20堆\2019_7_20堆\debug\2019_7_20堆.tlog\link.10516-rc.read.1.tlog
c:\users\asus\desktop\bite (1)\2019_7_20堆\2019_7_20堆\debug\2019_7_20堆.tlog\link.10516-rc.write.1.tlog
c:\users\asus\desktop\bite (1)\2019_7_20堆\2019_7_20堆\debug\2019_7_20堆.tlog\link.10516.read.1.tlog
c:\users\asus\desktop\bite (1)\2019_7_20堆\2019_7_20堆\debug\2019_7_20堆.tlog\link.10516.write.1.tlog
c:\users\asus\desktop\bite (1)\2019_7_20堆\2019_7_20堆\debug\2019_7_20堆.tlog\link.command.1.tlog
c:\users\asus\desktop\bite (1)\2019_7_20堆\2019_7_20堆\debug\2019_7_20堆.tlog\link.read.1.tlog
c:\users\asus\desktop\bite (1)\2019_7_20堆\2019_7_20堆\debug\2019_7_20堆.tlog\link.write.1.tlog
